0 info it worked if it ends with ok
1 verbose cli [ 'node', '/usr/local/bin/npm', 'install', 'contextify' ]
2 info using npm@1.3.22
3 info using node@v0.11.10
4 verbose read json /Users/bbarr/web/volary/pigeon/package.json
5 verbose read json /Users/bbarr/web/volary/pigeon/node_modules/backbone/package.json
6 verbose read json /Users/bbarr/web/volary/pigeon/node_modules/gulp/package.json
7 verbose read json /Users/bbarr/web/volary/pigeon/node_modules/gulp-browserify/package.json
8 verbose read json /Users/bbarr/web/volary/pigeon/node_modules/gulp-util/package.json
9 verbose read json /Users/bbarr/web/volary/pigeon/node_modules/jquery/package.json
10 verbose read json /Users/bbarr/web/volary/pigeon/node_modules/lodash/package.json
11 verbose read json /Users/bbarr/web/volary/pigeon/node_modules/mocha/package.json
12 verbose read json /Users/bbarr/web/volary/pigeon/node_modules/moment/package.json
13 verbose read json /Users/bbarr/web/volary/pigeon/node_modules/newrelic/package.json
14 verbose read json /Users/bbarr/web/volary/pigeon/node_modules/node-static/package.json
15 verbose read json /Users/bbarr/web/volary/pigeon/node_modules/rivets/package.json
16 verbose read json /Users/bbarr/web/volary/pigeon/node_modules/sass/package.json
17 verbose from cache /Users/bbarr/web/volary/pigeon/package.json
18 verbose readDependencies using package.json deps
19 verbose cache add [ 'contextify', null ]
20 verbose cache add name=undefined spec="contextify" args=["contextify",null]
21 verbose parsed url { protocol: null,
21 verbose parsed url   slashes: null,
21 verbose parsed url   auth: null,
21 verbose parsed url   host: null,
21 verbose parsed url   port: null,
21 verbose parsed url   hostname: null,
21 verbose parsed url   hash: null,
21 verbose parsed url   search: null,
21 verbose parsed url   query: null,
21 verbose parsed url   pathname: 'contextify',
21 verbose parsed url   path: 'contextify',
21 verbose parsed url   href: 'contextify' }
22 silly lockFile e90e8b6a-contextify contextify
23 verbose lock contextify /Users/bbarr/.npm/e90e8b6a-contextify.lock
24 silly lockFile e90e8b6a-contextify contextify
25 silly lockFile e90e8b6a-contextify contextify
26 verbose addNamed [ 'contextify', '' ]
27 verbose addNamed [ null, '' ]
28 silly lockFile 902bbeb2-contextify contextify@
29 verbose lock contextify@ /Users/bbarr/.npm/902bbeb2-contextify.lock
30 silly addNameRange { name: 'contextify', range: '', hasData: false }
31 verbose url raw contextify
32 verbose url resolving [ 'https://registry.npmjs.org/', './contextify' ]
33 verbose url resolved https://registry.npmjs.org/contextify
34 info trying registry request attempt 1 at 12:55:01
35 verbose etag "7SHQOKEDZCVUVXEY1TG948U6X"
36 http GET https://registry.npmjs.org/contextify
37 http 304 https://registry.npmjs.org/contextify
38 silly registry.get cb [ 304,
38 silly registry.get   { date: 'Wed, 26 Feb 2014 20:55:01 GMT',
38 silly registry.get     server: 'CouchDB/1.5.0 (Erlang OTP/R16B)',
38 silly registry.get     connection: 'close',
38 silly registry.get     etag: '"7SHQOKEDZCVUVXEY1TG948U6X"',
38 silly registry.get     'cache-control': 'max-age=1' } ]
39 verbose etag contextify from cache
40 silly addNameRange number 2 { name: 'contextify', range: '', hasData: true }
41 silly addNameRange versions [ 'contextify',
41 silly addNameRange   [ '0.0.2',
41 silly addNameRange     '0.0.3',
41 silly addNameRange     '0.0.4',
41 silly addNameRange     '0.0.5',
41 silly addNameRange     '0.0.6',
41 silly addNameRange     '0.0.7',
41 silly addNameRange     '0.1.0',
41 silly addNameRange     '0.1.1',
41 silly addNameRange     '0.1.2',
41 silly addNameRange     '0.1.3',
41 silly addNameRange     '0.1.4',
41 silly addNameRange     '0.1.5',
41 silly addNameRange     '0.1.6' ] ]
42 verbose addNamed [ 'contextify', '0.1.6' ]
43 verbose addNamed [ '0.1.6', '0.1.6' ]
44 silly lockFile aa4e5e79-contextify-0-1-6 contextify@0.1.6
45 verbose lock contextify@0.1.6 /Users/bbarr/.npm/aa4e5e79-contextify-0-1-6.lock
46 verbose read json /Users/bbarr/.npm/contextify/0.1.6/package/package.json
47 silly lockFile aa4e5e79-contextify-0-1-6 contextify@0.1.6
48 silly lockFile aa4e5e79-contextify-0-1-6 contextify@0.1.6
49 silly lockFile 902bbeb2-contextify contextify@
50 silly lockFile 902bbeb2-contextify contextify@
51 silly resolved [ { name: 'contextify',
51 silly resolved     version: '0.1.6',
51 silly resolved     description: 'Turn an object into a persistent execution context.',
51 silly resolved     author: { name: 'Brian McDaniel', email: 'brianmcd05@gmail.com' },
51 silly resolved     contributors: [ [Object] ],
51 silly resolved     keywords: [ 'context', 'vm' ],
51 silly resolved     repository:
51 silly resolved      { type: 'git',
51 silly resolved        url: 'https://github.com/brianmcd/contextify.git' },
51 silly resolved     main: './lib/contextify',
51 silly resolved     scripts: { test: 'nodeunit test/', install: 'node-gyp rebuild' },
51 silly resolved     engines: { node: '>=0.4.0' },
51 silly resolved     licenses: [ [Object] ],
51 silly resolved     dependencies: { bindings: '*' },
51 silly resolved     devDependencies: { nodeunit: '>=0.5.x' },
51 silly resolved     gypfile: true,
51 silly resolved     readme: '# Contextify\n\nFor Windows issues, see here: https://github.com/brianmcd/contextify/wiki/Windows-Installation-Guide\n\nPlease add to the wiki if you find new issues/solutions.\n\nTurn an object into a V8 execution context.  A contextified object acts as the global \'this\' when executing scripts in its context.  Contextify adds 3 methods to the contextified object: run(code, filename), getGlobal(), and dispose().  The main difference between Contextify and Node\'s vm methods is that Contextify allows asynchronous functions to continue executing in the Contextified object\'s context.  See vm vs. Contextify below for more discussion.\n\n## Examples\n```javascript\nvar Contextify = require(\'contextify\');\nvar sandbox = { console : console, prop1 : \'prop1\'};\nContextify(sandbox);\nsandbox.run(\'console.log(prop1);\');\nsandbox.dispose(); // free the resources allocated for the context.\n```\n\n```javascript\nvar sandbox = Contextify(); // returns an empty contextified object.\nsandbox.run(\'var x = 3;\');\nconsole.log(sandbox.x); // prints 3\nsandbox.dispose();\n```\n\n```javascript\nvar sandbox = Contextify({setTimeout : setTimeout});\nsandbox.run("setTimeout(function () { x = 3; }, 5);");\nconsole.log(sandbox.x); // prints undefined\nsetTimeout(function () {\n    console.log(sandbox.x); // prints 3\n    sandbox.dispose();\n}, 10);\n```\n## Details\n\n**Contextify([sandbox])**\n\n    sandbox - The object to contextify, which will be modified as described below\n              If no sandbox is specified, an empty object will be allocated and used instead.\n\n    Returns the contextified object.  It doesn\'t make a copy, so if you already have a reference\n    to the sandbox, you don\'t need to catch the return value.\n\nA Contextified object has 2 methods added to it:\n\n**run(code, [filename])**\n\n    code - string containing JavaScript to execute\n    filename  - an optional filename for debugging.\n\n    Runs the code in the Contextified object\'s context.\n\n**getGlobal()**\n\nReturns the actual global object for the V8 context.  The global object is initialized with interceptors (discussed below) which forward accesses on it to the contextified object.  This means the contextified object acts like the global object in most cases.  Sometimes, though, you need to make a reference to the actual global object.\n\nFor example:\n\n```javascript\nvar window = Contextify({console : console});\nwindow.window = window;\nwindow.run("console.log(window === this);");\n// prints false.\n```\n\n```javascript\nvar window = Contextify({console : console});\nwindow.window = window.getGlobal();\nwindow.run("console.log(window === this);");\n// prints true\n```\n\nThe global object returned by getGlobal() can be treated like the contextified sandbox object, except that defining getters/setters will not work on it.  Define getters and setters on the actual sandbox object instead.\n\n**dispose()**\n\nFrees the memory allocated for the underlying V8 context.  If you don\'t call this when you\'re done, the V8 context memory will leak, as will the sandbox memory, since the context\'s global stores a strong reference to the sandbox object.  You can still use your sandbox object after calling dispose(), but it\'s unsafe to use a global previously returned from getGlobal().  run, getGlobal, and dispose will be removed from the sandbox object.\n\n## Install\n\n    npm install contextify\n\n## require(\'vm\') vs. Contextify\n\nNode\'s vm functions (runInContext etc) work by copying the values from the sandbox object onto a context\'s global object, executing the passed in script, then copying the results back.  This means that scripts that create asynchronous functions (using mechanisms like setTimeout) won\'t have see the results of executing those functions, since the copying in/out only occurs during an explicit call to runInContext and friends.  \n\nContextify creates a V8 context, and uses interceptors (see: http://code.google.com/apis/v8/embed.html#interceptors) to forward global object accesses to the sandbox object.  This means there is no copying in or out, so asynchronous functions have the expected effect on the sandbox object.  \n\n## Tests\n\nTesting is done with nodeunit.  Run the tests with\n\n    nodeunit test/\n\nOutput: \n\n    OK: 92 assertions (27ms)\n\n\n## Building\n\n    node-waf configure build\n\n## Acknowledgments\n\nInspiration taken from Assaf\'s Zombie.js context solution: https://github.com/assaf/zombie\n',
51 silly resolved     readmeFilename: 'README.md',
51 silly resolved     _id: 'contextify@0.1.6',
51 silly resolved     _from: 'contextify@' } ]
52 info install contextify@0.1.6 into /Users/bbarr/web/volary/pigeon
53 info installOne contextify@0.1.6
54 verbose from cache /Users/bbarr/.npm/contextify/0.1.6/package/package.json
55 info /Users/bbarr/web/volary/pigeon/node_modules/contextify unbuild
56 verbose read json /Users/bbarr/web/volary/pigeon/node_modules/contextify/package.json
57 verbose tar unpack /Users/bbarr/.npm/contextify/0.1.6/package.tgz
58 silly lockFile 2c561114-y-pigeon-node-modules-contextify /Users/bbarr/web/volary/pigeon/node_modules/contextify
59 verbose lock /Users/bbarr/web/volary/pigeon/node_modules/contextify /Users/bbarr/.npm/2c561114-y-pigeon-node-modules-contextify.lock
60 silly lockFile 478eb45c-npm-contextify-0-1-6-package-tgz /Users/bbarr/.npm/contextify/0.1.6/package.tgz
61 verbose lock /Users/bbarr/.npm/contextify/0.1.6/package.tgz /Users/bbarr/.npm/478eb45c-npm-contextify-0-1-6-package-tgz.lock
62 silly gunzTarPerm modes [ '755', '644' ]
63 silly gunzTarPerm extractEntry package.json
64 silly gunzTarPerm extractEntry .npmignore
65 silly gunzTarPerm extractEntry README.md
66 silly gunzTarPerm extractEntry LICENSE.txt
67 silly gunzTarPerm extractEntry binding.gyp
68 silly gunzTarPerm extractEntry changelog
69 silly gunzTarPerm extractEntry lib/contextify.js
70 silly gunzTarPerm extractEntry src/contextify.cc
71 silly gunzTarPerm extractEntry test/contextify.js
72 silly gunzTarPerm extractEntry wscript
73 verbose read json /Users/bbarr/web/volary/pigeon/node_modules/contextify/package.json
74 silly lockFile 2c561114-y-pigeon-node-modules-contextify /Users/bbarr/web/volary/pigeon/node_modules/contextify
75 silly lockFile 2c561114-y-pigeon-node-modules-contextify /Users/bbarr/web/volary/pigeon/node_modules/contextify
76 silly lockFile 478eb45c-npm-contextify-0-1-6-package-tgz /Users/bbarr/.npm/contextify/0.1.6/package.tgz
77 silly lockFile 478eb45c-npm-contextify-0-1-6-package-tgz /Users/bbarr/.npm/contextify/0.1.6/package.tgz
78 info preinstall contextify@0.1.6
79 verbose from cache /Users/bbarr/web/volary/pigeon/node_modules/contextify/package.json
80 verbose readDependencies using package.json deps
81 verbose from cache /Users/bbarr/web/volary/pigeon/node_modules/contextify/package.json
82 verbose readDependencies using package.json deps
83 verbose cache add [ 'bindings@*', null ]
84 verbose cache add name=undefined spec="bindings@*" args=["bindings@*",null]
85 verbose parsed url { protocol: null,
85 verbose parsed url   slashes: null,
85 verbose parsed url   auth: null,
85 verbose parsed url   host: null,
85 verbose parsed url   port: null,
85 verbose parsed url   hostname: null,
85 verbose parsed url   hash: null,
85 verbose parsed url   search: null,
85 verbose parsed url   query: null,
85 verbose parsed url   pathname: 'bindings@*',
85 verbose parsed url   path: 'bindings@*',
85 verbose parsed url   href: 'bindings@*' }
86 verbose cache add name="bindings" spec="*" args=["bindings","*"]
87 verbose parsed url { protocol: null,
87 verbose parsed url   slashes: null,
87 verbose parsed url   auth: null,
87 verbose parsed url   host: null,
87 verbose parsed url   port: null,
87 verbose parsed url   hostname: null,
87 verbose parsed url   hash: null,
87 verbose parsed url   search: null,
87 verbose parsed url   query: null,
87 verbose parsed url   pathname: '*',
87 verbose parsed url   path: '*',
87 verbose parsed url   href: '*' }
88 verbose addNamed [ 'bindings', '*' ]
89 verbose addNamed [ null, '' ]
90 silly lockFile a3858fc2-bindings bindings@*
91 verbose lock bindings@* /Users/bbarr/.npm/a3858fc2-bindings.lock
92 silly addNameRange { name: 'bindings', range: '', hasData: false }
93 verbose url raw bindings
94 verbose url resolving [ 'https://registry.npmjs.org/', './bindings' ]
95 verbose url resolved https://registry.npmjs.org/bindings
96 info trying registry request attempt 1 at 12:55:01
97 verbose etag "1ALVJPJPHIX8ZTHFD78YA8H2Y"
98 http GET https://registry.npmjs.org/bindings
99 http 304 https://registry.npmjs.org/bindings
100 silly registry.get cb [ 304,
100 silly registry.get   { date: 'Wed, 26 Feb 2014 20:55:01 GMT',
100 silly registry.get     server: 'CouchDB/1.5.0 (Erlang OTP/R16B)',
100 silly registry.get     connection: 'close',
100 silly registry.get     etag: '"1ALVJPJPHIX8ZTHFD78YA8H2Y"',
100 silly registry.get     'cache-control': 'max-age=1' } ]
101 verbose etag bindings from cache
102 silly addNameRange number 2 { name: 'bindings', range: '', hasData: true }
103 silly addNameRange versions [ 'bindings',
103 silly addNameRange   [ '0.0.1',
103 silly addNameRange     '0.1.0',
103 silly addNameRange     '0.1.1',
103 silly addNameRange     '0.2.0',
103 silly addNameRange     '0.2.1',
103 silly addNameRange     '0.2.2',
103 silly addNameRange     '0.2.3',
103 silly addNameRange     '0.2.4',
103 silly addNameRange     '0.3.0',
103 silly addNameRange     '0.4.0',
103 silly addNameRange     '1.0.0',
103 silly addNameRange     '1.1.0',
103 silly addNameRange     '1.1.1' ] ]
104 verbose addNamed [ 'bindings', '1.1.1' ]
105 verbose addNamed [ '1.1.1', '1.1.1' ]
106 silly lockFile 52dd60a7-bindings-1-1-1 bindings@1.1.1
107 verbose lock bindings@1.1.1 /Users/bbarr/.npm/52dd60a7-bindings-1-1-1.lock
108 verbose read json /Users/bbarr/.npm/bindings/1.1.1/package/package.json
109 silly lockFile 52dd60a7-bindings-1-1-1 bindings@1.1.1
110 silly lockFile 52dd60a7-bindings-1-1-1 bindings@1.1.1
111 silly lockFile a3858fc2-bindings bindings@*
112 silly lockFile a3858fc2-bindings bindings@*
113 silly resolved [ { name: 'bindings',
113 silly resolved     description: 'Helper module for loading your native module\'s .node file',
113 silly resolved     keywords: [ 'native', 'addon', 'bindings', 'gyp', 'waf', 'c', 'c++' ],
113 silly resolved     version: '1.1.1',
113 silly resolved     author:
113 silly resolved      { name: 'Nathan Rajlich',
113 silly resolved        email: 'nathan@tootallnate.net',
113 silly resolved        url: 'http://tootallnate.net' },
113 silly resolved     repository:
113 silly resolved      { type: 'git',
113 silly resolved        url: 'git://github.com/TooTallNate/node-bindings.git' },
113 silly resolved     main: './bindings.js',
113 silly resolved     readme: 'node-bindings\n=============\n### Helper module for loading your native module\'s .node file\n\nThis is a helper module for authors of Node.js native addon modules.\nIt is basically the "swiss army knife" of `require()`ing your native module\'s\n`.node` file.\n\nThroughout the course of Node\'s native addon history, addons have ended up being\ncompiled in a variety of different places, depending on which build tool and which\nversion of node was used. To make matters worse, now the _gyp_ build tool can\nproduce either a _Release_ or _Debug_ build, each being built into different\nlocations.\n\nThis module checks _all_ the possible locations that a native addon would be built\nat, and returns the first one that loads successfully.\n\n\nInstallation\n------------\n\nInstall with `npm`:\n\n``` bash\n$ npm install bindings\n```\n\nOr add it to the `"dependencies"` section of your _package.json_ file.\n\n\nExample\n-------\n\n`require()`ing the proper bindings file for the current node version, platform\nand architecture is as simple as:\n\n``` js\nvar bindings = require(\'bindings\')(\'binding.node\')\n\n// Use your bindings defined in your C files\nbindings.your_c_function()\n```\n\n\nNice Error Output\n-----------------\n\nWhen the `.node` file could not be loaded, `node-bindings` throws an Error with\na nice error message telling you exactly what was tried. You can also check the\n`err.tries` Array property.\n\n```\nError: Could not load the bindings file. Tried:\n → /Users/nrajlich/ref/build/binding.node\n → /Users/nrajlich/ref/build/Debug/binding.node\n → /Users/nrajlich/ref/build/Release/binding.node\n → /Users/nrajlich/ref/out/Debug/binding.node\n → /Users/nrajlich/ref/Debug/binding.node\n → /Users/nrajlich/ref/out/Release/binding.node\n → /Users/nrajlich/ref/Release/binding.node\n → /Users/nrajlich/ref/build/default/binding.node\n → /Users/nrajlich/ref/compiled/0.8.2/darwin/x64/binding.node\n    at bindings (/Users/nrajlich/ref/node_modules/bindings/bindings.js:84:13)\n    at Object.<anonymous> (/Users/nrajlich/ref/lib/ref.js:5:47)\n    at Module._compile (module.js:449:26)\n    at Object.Module._extensions..js (module.js:467:10)\n    at Module.load (module.js:356:32)\n    at Function.Module._load (module.js:312:12)\n    ...\n```\n\n\nLicense\n-------\n\n(The MIT License)\n\nCopyright (c) 2012 Nathan Rajlich &lt;nathan@tootallnate.net&gt;\n\nPermission is hereby granted, free of charge, to any person obtaining\na copy of this software and associated documentation files (the\n\'Software\'), to deal in the Software without restriction, including\nwithout limitation the rights to use, copy, modify, merge, publish,\ndistribute, sublicense, and/or sell copies of the Software, and to\npermit persons to whom the Software is furnished to do so, subject to\nthe following conditions:\n\nThe above copyright notice and this permission notice shall be\nincluded in all copies or substantial portions of the Software.\n\nTHE SOFTWARE IS PROVIDED \'AS IS\', WITHOUT WARRANTY OF ANY KIND,\nEXPRESS OR IMPLIED, INCLUDING BUT NOT LIMITED TO THE WARRANTIES OF\nMERCHANTABILITY, FITNESS FOR A PARTICULAR PURPOSE AND NONINFRINGEMENT.\nIN NO EVENT SHALL THE AUTHORS OR COPYRIGHT HOLDERS BE LIABLE FOR ANY\nCLAIM, DAMAGES OR OTHER LIABILITY, WHETHER IN AN ACTION OF CONTRACT,\nTORT OR OTHERWISE, ARISING FROM, OUT OF OR IN CONNECTION WITH THE\nSOFTWARE OR THE USE OR OTHER DEALINGS IN THE SOFTWARE.\n',
113 silly resolved     readmeFilename: 'README.md',
113 silly resolved     _id: 'bindings@1.1.1',
113 silly resolved     _from: 'bindings@*' } ]
114 info install bindings@1.1.1 into /Users/bbarr/web/volary/pigeon/node_modules/contextify
115 info installOne bindings@1.1.1
116 verbose from cache /Users/bbarr/.npm/bindings/1.1.1/package/package.json
117 info /Users/bbarr/web/volary/pigeon/node_modules/contextify/node_modules/bindings unbuild
118 verbose read json /Users/bbarr/web/volary/pigeon/node_modules/contextify/node_modules/bindings/package.json
119 verbose tar unpack /Users/bbarr/.npm/bindings/1.1.1/package.tgz
120 silly lockFile 77bfaca1-contextify-node-modules-bindings /Users/bbarr/web/volary/pigeon/node_modules/contextify/node_modules/bindings
121 verbose lock /Users/bbarr/web/volary/pigeon/node_modules/contextify/node_modules/bindings /Users/bbarr/.npm/77bfaca1-contextify-node-modules-bindings.lock
122 silly lockFile e3435b7c-r-npm-bindings-1-1-1-package-tgz /Users/bbarr/.npm/bindings/1.1.1/package.tgz
123 verbose lock /Users/bbarr/.npm/bindings/1.1.1/package.tgz /Users/bbarr/.npm/e3435b7c-r-npm-bindings-1-1-1-package-tgz.lock
124 silly gunzTarPerm modes [ '755', '644' ]
125 silly gunzTarPerm extractEntry package.json
126 silly gunzTarPerm extractEntry README.md
127 silly gunzTarPerm extractEntry bindings.js
128 verbose read json /Users/bbarr/web/volary/pigeon/node_modules/contextify/node_modules/bindings/package.json
129 silly lockFile 77bfaca1-contextify-node-modules-bindings /Users/bbarr/web/volary/pigeon/node_modules/contextify/node_modules/bindings
130 silly lockFile 77bfaca1-contextify-node-modules-bindings /Users/bbarr/web/volary/pigeon/node_modules/contextify/node_modules/bindings
131 silly lockFile e3435b7c-r-npm-bindings-1-1-1-package-tgz /Users/bbarr/.npm/bindings/1.1.1/package.tgz
132 silly lockFile e3435b7c-r-npm-bindings-1-1-1-package-tgz /Users/bbarr/.npm/bindings/1.1.1/package.tgz
133 info preinstall bindings@1.1.1
134 verbose from cache /Users/bbarr/web/volary/pigeon/node_modules/contextify/node_modules/bindings/package.json
135 verbose readDependencies using package.json deps
136 verbose from cache /Users/bbarr/web/volary/pigeon/node_modules/contextify/node_modules/bindings/package.json
137 verbose readDependencies using package.json deps
138 silly resolved []
139 verbose about to build /Users/bbarr/web/volary/pigeon/node_modules/contextify/node_modules/bindings
140 info build /Users/bbarr/web/volary/pigeon/node_modules/contextify/node_modules/bindings
141 verbose from cache /Users/bbarr/web/volary/pigeon/node_modules/contextify/node_modules/bindings/package.json
142 verbose linkStuff [ false,
142 verbose linkStuff   false,
142 verbose linkStuff   false,
142 verbose linkStuff   '/Users/bbarr/web/volary/pigeon/node_modules/contextify/node_modules' ]
143 info linkStuff bindings@1.1.1
144 verbose linkBins bindings@1.1.1
145 verbose linkMans bindings@1.1.1
146 verbose rebuildBundles bindings@1.1.1
147 info install bindings@1.1.1
148 info postinstall bindings@1.1.1
149 verbose about to build /Users/bbarr/web/volary/pigeon/node_modules/contextify
150 info build /Users/bbarr/web/volary/pigeon/node_modules/contextify
151 verbose from cache /Users/bbarr/web/volary/pigeon/node_modules/contextify/package.json
152 verbose linkStuff [ false,
152 verbose linkStuff   false,
152 verbose linkStuff   false,
152 verbose linkStuff   '/Users/bbarr/web/volary/pigeon/node_modules' ]
153 info linkStuff contextify@0.1.6
154 verbose linkBins contextify@0.1.6
155 verbose linkMans contextify@0.1.6
156 verbose rebuildBundles contextify@0.1.6
157 verbose rebuildBundles [ 'bindings' ]
158 info install contextify@0.1.6
159 verbose unsafe-perm in lifecycle true
160 silly exec sh "-c" "node-gyp rebuild"
161 silly sh,-c,node-gyp rebuild,/Users/bbarr/web/volary/pigeon/node_modules/contextify spawning
162 info contextify@0.1.6 Failed to exec install script
163 info /Users/bbarr/web/volary/pigeon/node_modules/contextify unbuild
164 verbose from cache /Users/bbarr/web/volary/pigeon/node_modules/contextify/package.json
165 info preuninstall contextify@0.1.6
166 info uninstall contextify@0.1.6
167 verbose true,/Users/bbarr/web/volary/pigeon/node_modules,/Users/bbarr/web/volary/pigeon/node_modules unbuild contextify@0.1.6
168 info postuninstall contextify@0.1.6
169 error contextify@0.1.6 install: `node-gyp rebuild`
169 error `sh "-c" "node-gyp rebuild"` failed with 1
170 error Failed at the contextify@0.1.6 install script.
170 error This is most likely a problem with the contextify package,
170 error not with npm itself.
170 error Tell the author that this fails on your system:
170 error     node-gyp rebuild
170 error You can get their info via:
170 error     npm owner ls contextify
170 error There is likely additional logging output above.
171 error System Darwin 13.0.0
172 error command "node" "/usr/local/bin/npm" "install" "contextify"
173 error cwd /Users/bbarr/web/volary/pigeon
174 error node -v v0.11.10
175 error npm -v 1.3.22
176 error code ELIFECYCLE
177 verbose exit [ 1, true ]
